\BOOKMARK [0][-]{chapter*.1}{Abstract}{}% 1
\BOOKMARK [0][-]{chapter.1}{Preliminary}{}% 2
\BOOKMARK [1][-]{section.1.1}{Motivation and Context}{chapter.1}% 3
\BOOKMARK [1][-]{section.1.2}{Geophysical Seismic Imaging}{chapter.1}% 4
\BOOKMARK [1][-]{section.1.3}{High Performance Computing \(HPC\)}{chapter.1}% 5
\BOOKMARK [0][-]{chapter.2}{Optimization Techniques in a Parallel System}{}% 6
\BOOKMARK [1][-]{section.2.1}{Compiler Optimization}{chapter.2}% 7
\BOOKMARK [1][-]{section.2.2}{Threading/Multi-threading}{chapter.2}% 8
\BOOKMARK [1][-]{section.2.3}{Vectorization}{chapter.2}% 9
\BOOKMARK [1][-]{section.2.4}{Placement of MPI processes}{chapter.2}% 10
\BOOKMARK [1][-]{section.2.5}{Code Profiling}{chapter.2}% 11
\BOOKMARK [1][-]{section.2.6}{Optimization Libraries}{chapter.2}% 12
\BOOKMARK [1][-]{section.2.7}{Hardware Accelerators}{chapter.2}% 13
\BOOKMARK [0][-]{chapter.3}{Optimization of DSFDM/FFWI code in shared node, MESCA II}{}% 14
\BOOKMARK [1][-]{section.3.1}{DSFDM/FFWI}{chapter.3}% 15
\BOOKMARK [1][-]{section.3.2}{MUMPS Solver}{chapter.3}% 16
\BOOKMARK [1][-]{section.3.3}{Tools}{chapter.3}% 17
\BOOKMARK [1][-]{section.3.4}{Installation of DSFDM/FFWI}{chapter.3}% 18
\BOOKMARK [1][-]{section.3.5}{Methodology}{chapter.3}% 19
\BOOKMARK [1][-]{section.3.6}{Scalability study}{chapter.3}% 20
\BOOKMARK [1][-]{section.3.7}{Profiling}{chapter.3}% 21
\BOOKMARK [1][-]{section.3.8}{Results}{chapter.3}% 22
\BOOKMARK [0][-]{chapter*.43}{References}{}% 23
