This is pdfTeX, Version 3.14159265-2.6-1.40.18 (MiKTeX 2.9.6350 64-bit) (preloaded format=pdflatex 2017.8.14)  16 NOV 2017 17:01
entering extended mode
**./Senegal-Essay-Template-en.tex
(Senegal-Essay-Template-en.tex
LaTeX2e <2017-04-15>
Babel <3.10> and hyphenation patterns for 75 language(s) loaded.
(aimsessay.cls
Document Class: aimsessay 2011/04/05 Class for AIMS Essays
("C:\Program Files\MiKTeX 2.9\tex\latex\base\report.cls"
Document Class: report 2014/09/29 v1.4h Standard LaTeX document class
("C:\Program Files\MiKTeX 2.9\tex\latex\base\size11.clo"
File: size11.clo 2014/09/29 v1.4h Standard LaTeX file (size option)
)
\c@part=\count79
\c@chapter=\count80
\c@section=\count81
\c@subsection=\count82
\c@subsubsection=\count83
\c@paragraph=\count84
\c@subparagraph=\count85
\c@figure=\count86
\c@table=\count87
\abovecaptionskip=\skip41
\belowcaptionskip=\skip42
\bibindent=\dimen102
)
("C:\Program Files\MiKTeX 2.9\tex\latex\geometry\geometry.sty"
Package: geometry 2010/09/12 v5.6 Page Geometry

("C:\Program Files\MiKTeX 2.9\tex\latex\graphics\keyval.sty"
Package: keyval 2014/10/28 v1.15 key=value parser (DPC)
\KV@toks@=\toks14
)
("C:\Program Files\MiKTeX 2.9\tex\generic\oberdiek\ifpdf.sty"
Package: ifpdf 2017/03/15 v3.2 Provides the ifpdf switch
)
("C:\Program Files\MiKTeX 2.9\tex\generic\oberdiek\ifvtex.sty"
Package: ifvtex 2016/05/16 v1.6 Detect VTeX and its facilities (HO)
Package ifvtex Info: VTeX not detected.
)
("C:\Program Files\MiKTeX 2.9\tex\generic\ifxetex\ifxetex.sty"
Package: ifxetex 2010/09/12 v0.6 Provides ifxetex conditional
)
\Gm@cnth=\count88
\Gm@cntv=\count89
\c@Gm@tempcnt=\count90
\Gm@bindingoffset=\dimen103
\Gm@wd@mp=\dimen104
\Gm@odd@mp=\dimen105
\Gm@even@mp=\dimen106
\Gm@layoutwidth=\dimen107
\Gm@layoutheight=\dimen108
\Gm@layouthoffset=\dimen109
\Gm@layoutvoffset=\dimen110
\Gm@dimlist=\toks15

("C:\Program Files\MiKTeX 2.9\tex\latex\geometry\geometry.cfg"))
("C:\Program Files\MiKTeX 2.9\tex\latex\amsmath\amsmath.sty"
Package: amsmath 2016/11/05 v2.16a AMS math features
\@mathmargin=\skip43

For additional information on amsmath, use the `?' option.
("C:\Program Files\MiKTeX 2.9\tex\latex\amsmath\amstext.sty"
Package: amstext 2000/06/29 v2.01 AMS text

("C:\Program Files\MiKTeX 2.9\tex\latex\amsmath\amsgen.sty"
File: amsgen.sty 1999/11/30 v2.0 generic functions
\@emptytoks=\toks16
\ex@=\dimen111
))
("C:\Program Files\MiKTeX 2.9\tex\latex\amsmath\amsbsy.sty"
Package: amsbsy 1999/11/29 v1.2d Bold Symbols
\pmbraise@=\dimen112
)
("C:\Program Files\MiKTeX 2.9\tex\latex\amsmath\amsopn.sty"
Package: amsopn 2016/03/08 v2.02 operator names
)
\inf@bad=\count91
LaTeX Info: Redefining \frac on input line 213.
\uproot@=\count92
\leftroot@=\count93
LaTeX Info: Redefining \overline on input line 375.
\classnum@=\count94
\DOTSCASE@=\count95
LaTeX Info: Redefining \ldots on input line 472.
LaTeX Info: Redefining \dots on input line 475.
LaTeX Info: Redefining \cdots on input line 596.
\Mathstrutbox@=\box26
\strutbox@=\box27
\big@size=\dimen113
LaTeX Font Info:    Redeclaring font encoding OML on input line 712.
LaTeX Font Info:    Redeclaring font encoding OMS on input line 713.
\macc@depth=\count96
\c@MaxMatrixCols=\count97
\dotsspace@=\muskip10
\c@parentequation=\count98
\dspbrk@lvl=\count99
\tag@help=\toks17
\row@=\count100
\column@=\count101
\maxfields@=\count102
\andhelp@=\toks18
\eqnshift@=\dimen114
\alignsep@=\dimen115
\tagshift@=\dimen116
\tagwidth@=\dimen117
\totwidth@=\dimen118
\lineht@=\dimen119
\@envbody=\toks19
\multlinegap=\skip44
\multlinetaggap=\skip45
\mathdisplay@stack=\toks20
LaTeX Info: Redefining \[ on input line 2817.
LaTeX Info: Redefining \] on input line 2818.
)
("C:\Program Files\MiKTeX 2.9\tex\latex\amsfonts\amssymb.sty"
Package: amssymb 2013/01/14 v3.01 AMS font symbols

("C:\Program Files\MiKTeX 2.9\tex\latex\amsfonts\amsfonts.sty"
Package: amsfonts 2013/01/14 v3.01 Basic AMSFonts support
\symAMSa=\mathgroup4
\symAMSb=\mathgroup5
LaTeX Font Info:    Overwriting math alphabet `\mathfrak' in version `bold'
(Font)                  U/euf/m/n --> U/euf/b/n on input line 106.
))
("C:\Program Files\MiKTeX 2.9\tex\latex\amscls\amsthm.sty"
Package: amsthm 2015/03/04 v2.20.2
\thm@style=\toks21
\thm@bodyfont=\toks22
\thm@headfont=\toks23
\thm@notefont=\toks24
\thm@headpunct=\toks25
\thm@preskip=\skip46
\thm@postskip=\skip47
\thm@headsep=\skip48
\dth@everypar=\toks26
)
("C:\Program Files\MiKTeX 2.9\tex\latex\base\latexsym.sty"
Package: latexsym 1998/08/17 v2.2e Standard LaTeX package (lasy symbols)
\symlasy=\mathgroup6
LaTeX Font Info:    Overwriting symbol font `lasy' in version `bold'
(Font)                  U/lasy/m/n --> U/lasy/b/n on input line 52.
)
("C:\Program Files\MiKTeX 2.9\tex\latex\graphics\color.sty"
Package: color 2016/07/10 v1.1e Standard LaTeX Color (DPC)

("C:\Program Files\MiKTeX 2.9\tex\latex\graphics-cfg\color.cfg"
File: color.cfg 2016/01/02 v1.6 sample color configuration
)
Package color Info: Driver file: pdftex.def on input line 147.

("C:\Program Files\MiKTeX 2.9\tex\latex\graphics-def\pdftex.def"
File: pdftex.def 2017/01/12 v0.06k Graphics/color for pdfTeX

("C:\Program Files\MiKTeX 2.9\tex\generic\oberdiek\infwarerr.sty"
Package: infwarerr 2016/05/16 v1.4 Providing info/warning/error messages (HO)
)
("C:\Program Files\MiKTeX 2.9\tex\generic\oberdiek\ltxcmds.sty"
Package: ltxcmds 2016/05/16 v1.23 LaTeX kernel commands for general use (HO)
)
\Gread@gobject=\count103
))
("C:\Program Files\MiKTeX 2.9\tex\latex\hyperref\hyperref.sty"
Package: hyperref 2017/03/14 v6.85a Hypertext links for LaTeX

("C:\Program Files\MiKTeX 2.9\tex\generic\oberdiek\hobsub-hyperref.sty"
Package: hobsub-hyperref 2016/05/16 v1.14 Bundle oberdiek, subset hyperref (HO)


("C:\Program Files\MiKTeX 2.9\tex\generic\oberdiek\hobsub-generic.sty"
Package: hobsub-generic 2016/05/16 v1.14 Bundle oberdiek, subset generic (HO)
Package: hobsub 2016/05/16 v1.14 Construct package bundles (HO)
Package hobsub Info: Skipping package `infwarerr' (already loaded).
Package hobsub Info: Skipping package `ltxcmds' (already loaded).
Package: ifluatex 2016/05/16 v1.4 Provides the ifluatex switch (HO)
Package ifluatex Info: LuaTeX not detected.
Package hobsub Info: Skipping package `ifvtex' (already loaded).
Package: intcalc 2016/05/16 v1.2 Expandable calculations with integers (HO)
Package hobsub Info: Skipping package `ifpdf' (already loaded).
Package: etexcmds 2016/05/16 v1.6 Avoid name clashes with e-TeX commands (HO)
Package etexcmds Info: Could not find \expanded.
(etexcmds)             That can mean that you are not using pdfTeX 1.50 or
(etexcmds)             that some package has redefined \expanded.
(etexcmds)             In the latter case, load this package earlier.
Package: kvsetkeys 2016/05/16 v1.17 Key value parser (HO)
Package: kvdefinekeys 2016/05/16 v1.4 Define keys (HO)
Package: pdftexcmds 2017/03/19 v0.25 Utility functions of pdfTeX for LuaTeX (HO
)
Package pdftexcmds Info: LuaTeX not detected.
Package pdftexcmds Info: \pdf@primitive is available.
Package pdftexcmds Info: \pdf@ifprimitive is available.
Package pdftexcmds Info: \pdfdraftmode found.
Package: pdfescape 2016/05/16 v1.14 Implements pdfTeX's escape features (HO)
Package: bigintcalc 2016/05/16 v1.4 Expandable calculations on big integers (HO
)
Package: bitset 2016/05/16 v1.2 Handle bit-vector datatype (HO)
Package: uniquecounter 2016/05/16 v1.3 Provide unlimited unique counter (HO)
)
Package hobsub Info: Skipping package `hobsub' (already loaded).
Package: letltxmacro 2016/05/16 v1.5 Let assignment for LaTeX macros (HO)
Package: hopatch 2016/05/16 v1.3 Wrapper for package hooks (HO)
Package: xcolor-patch 2016/05/16 xcolor patch
Package: atveryend 2016/05/16 v1.9 Hooks at the very end of document (HO)
Package atveryend Info: \enddocument detected (standard20110627).
Package: atbegshi 2016/06/09 v1.18 At begin shipout hook (HO)
Package: refcount 2016/05/16 v3.5 Data extraction from label references (HO)
Package: hycolor 2016/05/16 v1.8 Color options for hyperref/bookmark (HO)
)
("C:\Program Files\MiKTeX 2.9\tex\latex\oberdiek\auxhook.sty"
Package: auxhook 2016/05/16 v1.4 Hooks for auxiliary files (HO)
)
("C:\Program Files\MiKTeX 2.9\tex\latex\oberdiek\kvoptions.sty"
Package: kvoptions 2016/05/16 v3.12 Key value format for package options (HO)
)
\@linkdim=\dimen120
\Hy@linkcounter=\count104
\Hy@pagecounter=\count105

("C:\Program Files\MiKTeX 2.9\tex\latex\hyperref\pd1enc.def"
File: pd1enc.def 2017/03/14 v6.85a Hyperref: PDFDocEncoding definition (HO)
)
\Hy@SavedSpaceFactor=\count106

("C:\Program Files\MiKTeX 2.9\tex\latex\00miktex\hyperref.cfg"
File: hyperref.cfg 2002/06/06 v1.2 hyperref configuration of TeXLive
)

Package hyperref Warning: Option `a4paper' is no longer used.

Package hyperref Info: Option `colorlinks' set `true' on input line 4374.
Package hyperref Info: Hyper figures OFF on input line 4498.
Package hyperref Info: Link nesting OFF on input line 4503.
Package hyperref Info: Hyper index ON on input line 4506.
Package hyperref Info: Plain pages OFF on input line 4513.
Package hyperref Info: Backreferencing OFF on input line 4518.
Package hyperref Info: Implicit mode ON; LaTeX internals redefined.
Package hyperref Info: Bookmarks ON on input line 4751.
\c@Hy@tempcnt=\count107
("C:\Program Files\MiKTeX 2.9\tex\latex\url\url.sty"
\Urlmuskip=\muskip11
Package: url 2013/09/16  ver 3.4  Verb mode for urls, etc.
)
LaTeX Info: Redefining \url on input line 5104.
\XeTeXLinkMargin=\dimen121
\Fld@menulength=\count108
\Field@Width=\dimen122
\Fld@charsize=\dimen123
Package hyperref Info: Hyper figures OFF on input line 6358.
Package hyperref Info: Link nesting OFF on input line 6363.
Package hyperref Info: Hyper index ON on input line 6366.
Package hyperref Info: backreferencing OFF on input line 6373.
Package hyperref Info: Link coloring ON on input line 6376.
Package hyperref Info: Link coloring with OCG OFF on input line 6383.
Package hyperref Info: PDF/A mode OFF on input line 6388.
LaTeX Info: Redefining \ref on input line 6428.
LaTeX Info: Redefining \pageref on input line 6432.
\Hy@abspage=\count109
\c@Item=\count110
\c@Hfootnote=\count111
)

Package hyperref Message: Driver: hpdftex.

("C:\Program Files\MiKTeX 2.9\tex\latex\hyperref\hpdftex.def"
File: hpdftex.def 2017/03/14 v6.85a Hyperref driver for pdfTeX
\Fld@listcount=\count112
\c@bookmark@seq@number=\count113

("C:\Program Files\MiKTeX 2.9\tex\latex\oberdiek\rerunfilecheck.sty"
Package: rerunfilecheck 2016/05/16 v1.8 Rerun checks for auxiliary files (HO)
Package uniquecounter Info: New unique counter `rerunfilecheck' on input line 2
82.
)
\Hy@SectionHShift=\skip49
)
("C:\Program Files\MiKTeX 2.9\tex\latex\graphics\graphicx.sty"
Package: graphicx 2014/10/28 v1.0g Enhanced LaTeX Graphics (DPC,SPQR)

("C:\Program Files\MiKTeX 2.9\tex\latex\graphics\graphics.sty"
Package: graphics 2017/04/14 v1.1b Standard LaTeX Graphics (DPC,SPQR)

("C:\Program Files\MiKTeX 2.9\tex\latex\graphics\trig.sty"
Package: trig 2016/01/03 v1.10 sin cos tan (DPC)
)
("C:\Program Files\MiKTeX 2.9\tex\latex\graphics-cfg\graphics.cfg"
File: graphics.cfg 2016/06/04 v1.11 sample graphics configuration
)
Package graphics Info: Driver file: pdftex.def on input line 99.
)
\Gin@req@height=\dimen124
\Gin@req@width=\dimen125
))
("C:\Program Files\MiKTeX 2.9\tex\latex\booktabs\booktabs.sty"
Package: booktabs 2005/04/14 v1.61803 publication quality tables
\heavyrulewidth=\dimen126
\lightrulewidth=\dimen127
\cmidrulewidth=\dimen128
\belowrulesep=\dimen129
\belowbottomsep=\dimen130
\aboverulesep=\dimen131
\abovetopsep=\dimen132
\cmidrulesep=\dimen133
\cmidrulekern=\dimen134
\defaultaddspace=\dimen135
\@cmidla=\count114
\@cmidlb=\count115
\@aboverulesep=\dimen136
\@belowrulesep=\dimen137
\@thisruleclass=\count116
\@lastruleclass=\count117
\@thisrulewidth=\dimen138
)
("C:\Program Files\MiKTeX 2.9\tex\latex\tools\array.sty"
Package: array 2016/10/06 v2.4d Tabular extension package (FMi)
\col@sep=\dimen139
\extrarowheight=\dimen140
\NC@list=\toks27
\extratabsurround=\skip50
\backup@length=\skip51
)
("C:\Program Files\MiKTeX 2.9\tex\latex\placeins\placeins.sty"
Package: placeins 2005/04/18  v 2.2
)
("C:\Program Files\MiKTeX 2.9\tex\latex\moreverb\moreverb.sty"
Package: moreverb 2008/06/03 v2.3a `more' verbatim facilities

("C:\Program Files\MiKTeX 2.9\tex\latex\tools\verbatim.sty"
Package: verbatim 2014/10/28 v1.5q LaTeX2e package for verbatim enhancements
\every@verbatim=\toks28
\verbatim@line=\toks29
\verbatim@in@stream=\read1
)
\tab@position=\count118
\tab@size=\count119
\listing@line=\count120
)
("C:\Program Files\MiKTeX 2.9\tex\latex\base\inputenc.sty"
Package: inputenc 2015/03/17 v1.2c Input encoding file
\inpenc@prehook=\toks30
\inpenc@posthook=\toks31

("C:\Program Files\MiKTeX 2.9\tex\latex\base\latin1.def"
File: latin1.def 2015/03/17 v1.2c Input encoding file
))
("C:\Program Files\MiKTeX 2.9\tex\latex\caption\subcaption.sty"
Package: subcaption 2016/05/22 v1.1-161 Sub-captions (AR)

("C:\Program Files\MiKTeX 2.9\tex\latex\caption\caption.sty"
Package: caption 2016/02/21 v3.3-144 Customizing captions (AR)

("C:\Program Files\MiKTeX 2.9\tex\latex\caption\caption3.sty"
Package: caption3 2016/05/22 v1.7-166 caption3 kernel (AR)
Package caption3 Info: TeX engine: e-TeX on input line 67.
\captionmargin=\dimen141
\captionmargin@=\dimen142
\captionwidth=\dimen143
\caption@tempdima=\dimen144
\caption@indent=\dimen145
\caption@parindent=\dimen146
\caption@hangindent=\dimen147
)
\c@ContinuedFloat=\count121
Package caption Info: hyperref package is loaded.
)
\c@subfigure=\count122
\c@subtable=\count123
)
("C:\Program Files\MiKTeX 2.9\tex\latex\lipsum\lipsum.sty"
Package: lipsum 2014/07/27 v1.3 150 paragraphs of Lorem Ipsum dummy text
\c@lips@count=\count124
)
("C:\Program Files\MiKTeX 2.9\tex\latex\mwe\mwe.sty"
Package: mwe 2012/05/15 v0.3 Package to support minimal working examples (MWE)

("C:\Program Files\MiKTeX 2.9\tex\latex\blindtext\blindtext.sty"
Package: blindtext 2012/01/06 V2.0 blindtext-Package

("C:\Program Files\MiKTeX 2.9\tex\latex\tools\xspace.sty"
Package: xspace 2014/10/28 v1.13 Space after command names (DPC,MH)
)
\c@blindtext=\count125
\c@Blindtext=\count126
\c@blind@countparstart=\count127
\blind@countxx=\count128
\blindtext@numBlindtext=\count129
\blind@countyy=\count130
\c@blindlist=\count131
\c@blindlistlevel=\count132
\c@blindlist@level=\count133
\blind@listitem=\count134
\c@blind@listcount=\count135
\c@blind@levelcount=\count136
\blind@mathformula=\count137
\blind@Mathformula=\count138
\c@blind@randomcount=\count139
\c@blind@randommax=\count140
\c@blind@pangramcount=\count141
\c@blind@pangrammax=\count142
))
(Senegal-Essay-Template-en.aux

LaTeX Warning: Label `sim1' multiply defined.


LaTeX Warning: Label `dmemory' multiply defined.


LaTeX Warning: Label `sim2' multiply defined.


LaTeX Warning: Label `sub@sim2' multiply defined.


LaTeX Warning: Label `sim3' multiply defined.


LaTeX Warning: Label `sub@sim3' multiply defined.


LaTeX Warning: Label `Mesca1' multiply defined.


LaTeX Warning: Label `Mesca_Time' multiply defined.


LaTeX Warning: Label `Mesca_Time' multiply defined.


LaTeX Warning: Label `Mesca_Time' multiply defined.

)
\openout1 = `Senegal-Essay-Template-en.aux'.

LaTeX Font Info:    Checking defaults for OML/cmm/m/it on input line 169.
LaTeX Font Info:    ... okay on input line 169.
LaTeX Font Info:    Checking defaults for T1/cmr/m/n on input line 169.
LaTeX Font Info:    ... okay on input line 169.
LaTeX Font Info:    Checking defaults for OT1/cmr/m/n on input line 169.
LaTeX Font Info:    ... okay on input line 169.
LaTeX Font Info:    Checking defaults for OMS/cmsy/m/n on input line 169.
LaTeX Font Info:    ... okay on input line 169.
LaTeX Font Info:    Checking defaults for OMX/cmex/m/n on input line 169.
LaTeX Font Info:    ... okay on input line 169.
LaTeX Font Info:    Checking defaults for U/cmr/m/n on input line 169.
LaTeX Font Info:    ... okay on input line 169.
LaTeX Font Info:    Checking defaults for PD1/pdf/m/n on input line 169.
LaTeX Font Info:    ... okay on input line 169.

*geometry* driver: auto-detecting
*geometry* detected driver: pdftex
*geometry* verbose mode - [ preamble ] result:
* driver: pdftex
* paper: <default>
* layout: <same size as paper>
* layoutoffset:(h,v)=(0.0pt,0.0pt)
* modes: 
* h-part:(L,W,R)=(63.87643pt, 469.75499pt, 63.87645pt)
* v-part:(T,H,B)=(77.84674pt, 650.43pt, 116.77011pt)
* \paperwidth=597.50787pt
* \paperheight=845.04684pt
* \textwidth=469.75499pt
* \textheight=650.43pt
* \oddsidemargin=-8.39355pt
* \evensidemargin=-8.39355pt
* \topmargin=-31.42325pt
* \headheight=12.0pt
* \headsep=25.0pt
* \topskip=11.0pt
* \footskip=30.0pt
* \marginparwidth=50.0pt
* \marginparsep=10.0pt
* \columnsep=10.0pt
* \skip\footins=10.0pt plus 4.0pt minus 2.0pt
* \hoffset=0.0pt
* \voffset=0.0pt
* \mag=1000
* \@twocolumnfalse
* \@twosidefalse
* \@mparswitchfalse
* \@reversemarginfalse
* (1in=72.27pt=25.4mm, 1cm=28.453pt)

("C:\Program Files\MiKTeX 2.9\tex\context\base\supp-pdf.mkii"
[Loading MPS to PDF converter (version 2006.09.02).]
\scratchcounter=\count143
\scratchdimen=\dimen148
\scratchbox=\box28
\nofMPsegments=\count144
\nofMParguments=\count145
\everyMPshowfont=\toks32
\MPscratchCnt=\count146
\MPscratchDim=\dimen149
\MPnumerator=\count147
\makeMPintoPDFobject=\count148
\everyMPtoPDFconversion=\toks33
) ("C:\Program Files\MiKTeX 2.9\tex\latex\oberdiek\epstopdf-base.sty"
Package: epstopdf-base 2016/05/15 v2.6 Base part for package epstopdf

("C:\Program Files\MiKTeX 2.9\tex\latex\oberdiek\grfext.sty"
Package: grfext 2016/05/16 v1.2 Manage graphics extensions (HO)
)
Package epstopdf-base Info: Redefining graphics rule for `.eps' on input line 4
38.
Package grfext Info: Graphics extension search list:
(grfext)             [.pdf,.png,.jpg,.mps,.jpeg,.jbig2,.jb2,.PNG,.PDF,.JPG,.JPE
G,.JBIG2,.JB2,.eps]
(grfext)             \AppendGraphicsExtensions on input line 456.
)
\AtBeginShipoutBox=\box29
Package hyperref Info: Link coloring ON on input line 169.

("C:\Program Files\MiKTeX 2.9\tex\latex\hyperref\nameref.sty"
Package: nameref 2016/05/21 v2.44 Cross-referencing by name of section

("C:\Program Files\MiKTeX 2.9\tex\generic\oberdiek\gettitlestring.sty"
Package: gettitlestring 2016/05/16 v1.5 Cleanup title references (HO)
)
\c@section@level=\count149
)
LaTeX Info: Redefining \ref on input line 169.
LaTeX Info: Redefining \pageref on input line 169.
LaTeX Info: Redefining \nameref on input line 169.

(Senegal-Essay-Template-en.out) (Senegal-Essay-Template-en.out)
\@outlinefile=\write3
\openout3 = `Senegal-Essay-Template-en.out'.

Package caption Info: Begin \AtBeginDocument code.
Package caption Info: End \AtBeginDocument code.
LaTeX Font Info:    Try loading font information for U+msa on input line 186.

("C:\Program Files\MiKTeX 2.9\tex\latex\amsfonts\umsa.fd"
File: umsa.fd 2013/01/14 v3.01 AMS symbols A
)
LaTeX Font Info:    Try loading font information for U+msb on input line 186.

("C:\Program Files\MiKTeX 2.9\tex\latex\amsfonts\umsb.fd"
File: umsb.fd 2013/01/14 v3.01 AMS symbols B
)
LaTeX Font Info:    Try loading font information for U+lasy on input line 186.

("C:\Program Files\MiKTeX 2.9\tex\latex\base\ulasy.fd"
File: ulasy.fd 1998/08/17 v2.2e LaTeX symbol font definitions
)

LaTeX Font Warning: Font shape `OT1/cmss/m/it' in size <8> not available
(Font)              Font shape `OT1/cmss/m/sl' tried instead on input line 186.


<images/aimssn-logo.jpg, id=95, 566.5968pt x 104.3097pt>
File: images/aimssn-logo.jpg Graphic file (type jpg)

<use images/aimssn-logo.jpg>
Package pdftex.def Info: images/aimssn-logo.jpg used on input line 186.
(pdftex.def)             Requested size: 341.43306pt x 62.85687pt.
 [1

{C:/ProgramData/MiKTeX/2.9/pdftex/config/pdftex.map} <./images/aimssn-logo.jpg>
] (abstract.tex) [1

]
(Senegal-Essay-Template-en.toc)
\tf@toc=\write4
\openout4 = `Senegal-Essay-Template-en.toc'.

 [2

] (chapter1.tex) (chapter2.texpdfTeX warning (ext4): destination with the same 
identifier (name{page.1}) has been already used, duplicate ignored
<to be read again> 
                   \relax 
l.1 \chapter
            {Preliminary} [1

]
 1.
[2

]
LaTeX Font Info:    Try loading font information for OMS+cmss on input line 22.

LaTeX Font Info:    No file OMScmss.fd. on input line 22.


LaTeX Font Warning: Font shape `OMS/cmss/m/n' undefined
(Font)              using `OMS/cmsy/m/n' instead
(Font)              for symbol `textbullet' on input line 22.

<images/geophones.jpg, id=149, 1284.8pt x 803.0pt>
File: images/geophones.jpg Graphic file (type jpg)
 <use images/geophones.jpg>
Package pdftex.def Info: images/geophones.jpg used on input line 42.
(pdftex.def)             Requested size: 281.85585pt x 176.15817pt.


LaTeX Warning: `!h' float specifier changed to `!ht'.


LaTeX Font Warning: Font shape `OT1/cmss/m/it' in size <10.95> not available
(Font)              Font shape `OT1/cmss/m/sl' tried instead on input line 49.

<images/hydrophones.jpg, id=151, 401.3394pt x 328.8285pt>
File: images/hydrophones.jpg Graphic file (type jpg)

<use images/hydrophones.jpg>
Package pdftex.def Info: images/hydrophones.jpg used on input line 59.
(pdftex.def)             Requested size: 281.85585pt x 230.94606pt.
 [3] [4 <./images/geophones.jpg> <./images/hydrophones.jpg>] [5] [6] <images/FF
WI.png, id=214, 555.57562pt x 153.57375pt>
File: images/FFWI.png Graphic file (type png)

<use images/FFWI.png>
Package pdftex.def Info: images/FFWI.png used on input line 159.
(pdftex.def)             Requested size: 375.80542pt x 103.88275pt.
 <images/valhall.jpg, id=216, 843.15pt x 473.77pt>
File: images/valhall.jpg Graphic file (type jpg)

<use images/valhall.jpg>
Package pdftex.def Info: images/valhall.jpg used on input line 196.
(pdftex.def)             Requested size: 281.85585pt x 158.37596pt.
 <images/sim1.png, id=219, 380.92313pt x 477.28313pt>
File: images/sim1.png Graphic file (type png)

<use images/sim1.png>
Package pdftex.def Info: images/sim1.png used on input line 213.
(pdftex.def)             Requested size: 281.85585pt x 353.1694pt.


LaTeX Warning: `!h' float specifier changed to `!ht'.

[7 <./images/FFWI.png>]

LaTeX Warning: `!h' float specifier changed to `!ht'.

<images/sim2.png, id=233, 259.7203pt x 341.02406pt>
File: images/sim2.png Graphic file (type png)
 <use images/sim2.png>
Package pdftex.def Info: images/sim2.png used on input line 243.
(pdftex.def)             Requested size: 187.89912pt x 246.71835pt.

<images/3Dsim3.png, id=234, 264.99pt x 353.06906pt>
File: images/3Dsim3.png Graphic file (type png)
 <use images/3Dsim3.png>
Package pdftex.def Info: images/3Dsim3.png used on input line 249.
(pdftex.def)             Requested size: 187.89912pt x 250.35753pt.

[8 <./images/valhall.jpg>] <images/qlm.png, id=246, 225.84375pt x 225.84375pt>
File: images/qlm.png Graphic file (type png)

<use images/qlm.png>
Package pdftex.def Info: images/qlm.png used on input line 279.
(pdftex.def)             Requested size: 187.89912pt x 187.90858pt.
 [9 <./images/sim1.png>] [10 <./images/sim2.png> <./images/3Dsim3.png> <./image
s/qlm.png>]
<images/simd.png, id=268, 331.99031pt x 170.88844pt>
File: images/simd.png Graphic file (type png)
 <use images/simd.png>
Package pdftex.def Info: images/simd.png used on input line 296.
(pdftex.def)             Requested size: 187.89912pt x 96.71902pt.

<images/vectorization.png, id=269, 303.38344pt x 112.16907pt>
File: images/vectorization.png Graphic file (type png)

<use images/vectorization.png>
Package pdftex.def Info: images/vectorization.png used on input line 302.
(pdftex.def)             Requested size: 187.89912pt x 69.4722pt.

<images/mimd.png, id=270, 328.22626pt x 185.94469pt>
File: images/mimd.png Graphic file (type png)
 <use images/mimd.png>
Package pdftex.def Info: images/mimd.png used on input line 311.
(pdftex.def)             Requested size: 281.85585pt x 159.67664pt.


LaTeX Warning: `!h' float specifier changed to `!ht'.

[11 <./images/simd.png> <./images/vectorization.png>]
<images/uma.png, id=281, 308.65312pt x 243.15843pt>
File: images/uma.png Graphic file (type png)
 <use images/uma.png>
Package pdftex.def Info: images/uma.png used on input line 329.
(pdftex.def)             Requested size: 187.89912pt x 148.03331pt.

<images/numa.png, id=282, 342.5297pt x 171.64125pt>
File: images/numa.png Graphic file (type png)
 <use images/numa.png>
Package pdftex.def Info: images/numa.png used on input line 335.
(pdftex.def)             Requested size: 187.89912pt x 94.1594pt.

<images/d-memory.png, id=284, 358.33875pt x 146.79843pt>
File: images/d-memory.png Graphic file (type png)

<use images/d-memory.png>
Package pdftex.def Info: images/d-memory.png used on input line 344.
(pdftex.def)             Requested size: 187.89912pt x 76.97624pt.
 [12 <./images/mimd.png> <./images/uma.png> <./images/numa.png>]

Package caption Warning: \label without proper reference on input line 359.
See the caption package documentation for explanation.


LaTeX Warning: Reference `hybrid' on page 13 undefined on input line 349.

<images/hybrid1.png, id=295, 354.57469pt x 145.29282pt>
File: images/hybrid1.png Graphic file (type png)

<use images/hybrid1.png>
Package pdftex.def Info: images/hybrid1.png used on input line 353.
(pdftex.def)             Requested size: 187.89912pt x 76.99594pt.
 <images/hybrid2.png, id=296, 361.35pt x 145.29282pt>
File: images/hybrid2.png Graphic file (type png)

<use images/hybrid2.png>
Package pdftex.def Info: images/hybrid2.png used on input line 357.
(pdftex.def)             Requested size: 187.89912pt x 75.55048pt.
File: images/d-memory.png Graphic file (type png)
 <use images/d-memory.png>
Package pdftex.def Info: images/d-memory.png used on input line 367.
(pdftex.def)             Requested size: 187.89912pt x 76.97624pt.
) (chapter3.tex [13 <./images/d-memory.png> <./images/hybrid1.png> <./images/hy
brid2.png>] [14]
 2.
) (chapter4.tex [15

]
 3.
[16

] [17] [18]
Underfull \hbox (badness 10000) in paragraph at lines 49--50

 []


Package caption Warning: \label without proper reference on input line 331.
See the caption package documentation for explanation.


LaTeX Warning: Reference `Mesca1' on page 19 undefined on input line 118.


LaTeX Warning: `!h' float specifier changed to `!ht'.


Package caption Warning: \label without proper reference on input line 331.
See the caption package documentation for explanation.


LaTeX Warning: Reference `Mesca1' on page 19 undefined on input line 133.


<images/fig_dsfdm/fig_cube_homogeneous_isotropic.pdf, id=345, 614.295pt x 794.9
7pt>
File: images/fig_dsfdm/fig_cube_homogeneous_isotropic.pdf Graphic file (type pd
f)
 <use images/fig_dsfdm/fig_cube_homogeneous_isotropic.pdf>
Package pdftex.def Info: images/fig_dsfdm/fig_cube_homogeneous_isotropic.pdf us
ed on input line 136.
(pdftex.def)             Requested size: 328.82706pt x 425.54129pt.


LaTeX Warning: No positions in optional float specifier.
               Default added (so using `tbp') on input line 142.


<images/fig_dsfdm/fig_rec_snap_homogeneous_isotropic.pdf, id=346, 614.295pt x 7
94.97pt>
File: images/fig_dsfdm/fig_rec_snap_homogeneous_isotropic.pdf Graphic file (typ
e pdf)
 <use images/fig_dsfdm/fig_rec_snap_homogeneous_isotropic.pdf>
Package pdftex.def Info: images/fig_dsfdm/fig_rec_snap_homogeneous_isotropic.pd
f used on input line 144.
(pdftex.def)             Requested size: 328.82706pt x 425.54129pt.


LaTeX Warning: No positions in optional float specifier.
               Default added (so using `tbp') on input line 149.


<images/fig_dsfdm/fig_rec_log_homogeneous_isotropic.pdf, id=347, 614.295pt x 79
4.97pt>
File: images/fig_dsfdm/fig_rec_log_homogeneous_isotropic.pdf Graphic file (type
 pdf)
 <use images/fig_dsfdm/fig_rec_log_homogeneous_isotropic.pdf>
Package pdftex.def Info: images/fig_dsfdm/fig_rec_log_homogeneous_isotropic.pdf
 used on input line 151.
(pdftex.def)             Requested size: 328.82706pt x 425.54129pt.


LaTeX Warning: No positions in optional float specifier.
               Default added (so using `tbp') on input line 156.


<images/fig_dsfdm/fig1_log_homogeneous_isotropic.pdf, id=348, 614.295pt x 794.9
7pt>
File: images/fig_dsfdm/fig1_log_homogeneous_isotropic.pdf Graphic file (type pd
f)
 <use images/fig_dsfdm/fig1_log_homogeneous_isotropic.pdf>
Package pdftex.def Info: images/fig_dsfdm/fig1_log_homogeneous_isotropic.pdf us
ed on input line 158.
(pdftex.def)             Requested size: 328.82706pt x 425.54129pt.


LaTeX Warning: No positions in optional float specifier.
               Default added (so using `tbp') on input line 163.


<images/fig_dsfdm/fig2_log_homogeneous_isotropic.pdf, id=349, 614.295pt x 794.9
7pt>
File: images/fig_dsfdm/fig2_log_homogeneous_isotropic.pdf Graphic file (type pd
f)
 <use images/fig_dsfdm/fig2_log_homogeneous_isotropic.pdf>
Package pdftex.def Info: images/fig_dsfdm/fig2_log_homogeneous_isotropic.pdf us
ed on input line 165.
(pdftex.def)             Requested size: 328.82706pt x 425.54129pt.
 [19]

LaTeX Warning: Reference `TimeMPIlog1' on page 20 undefined on input line 173.

<images/TimeLU.png, id=368, 578.16pt x 433.62pt>
File: images/TimeLU.png Graphic file (type png)
 <use images/TimeLU.png>
Package pdftex.def Info: images/TimeLU.png used on input line 210.
(pdftex.def)             Requested size: 328.82706pt x 246.61679pt.

<images/TimeLU2.png, id=369, 578.16pt x 433.62pt>
File: images/TimeLU2.png Graphic file (type png)
 <use images/TimeLU2.png>
Package pdftex.def Info: images/TimeLU2.png used on input line 216.
(pdftex.def)             Requested size: 328.82706pt x 246.61679pt.

<images/TimeMPIlog1.png, id=370, 578.16pt x 433.62pt>
File: images/TimeMPIlog1.png Graphic file (type png)

<use images/TimeMPIlog1.png>
Package pdftex.def Info: images/TimeMPIlog1.png used on input line 223.
(pdftex.def)             Requested size: 328.82706pt x 246.61679pt.


LaTeX Warning: Float too large for page by 169.42038pt on input line 228.

<images/TimeMescaLU.png, id=371, 578.16pt x 433.62pt>
File: images/TimeMescaLU.png Graphic file (type png)

<use images/TimeMescaLU.png>
Package pdftex.def Info: images/TimeMescaLU.png used on input line 233.
(pdftex.def)             Requested size: 328.82706pt x 246.61679pt.

<images/TimeMescaMPIlog.png, id=372, 578.16pt x 433.62pt>
File: images/TimeMescaMPIlog.png Graphic file (type png)

<use images/TimeMescaMPIlog.png>
Package pdftex.def Info: images/TimeMescaMPIlog.png used on input line 239.
(pdftex.def)             Requested size: 328.82706pt x 246.61679pt.

<images/memoryMPI.png, id=373, 578.16pt x 433.62pt>
File: images/memoryMPI.png Graphic file (type png)
 <use images/memoryMPI.png>
Package pdftex.def Info: images/memoryMPI.png used on input line 248.
(pdftex.def)             Requested size: 328.82706pt x 246.61679pt.

<images/MemoryMPIlog.png, id=374, 578.16pt x 433.62pt>
File: images/MemoryMPIlog.png Graphic file (type png)

<use images/MemoryMPIlog.png>
Package pdftex.def Info: images/MemoryMPIlog.png used on input line 254.
(pdftex.def)             Requested size: 328.82706pt x 246.61679pt.

<images/memoryMescaMPI.png, id=375, 578.16pt x 433.62pt>
File: images/memoryMescaMPI.png Graphic file (type png)

<use images/memoryMescaMPI.png>
Package pdftex.def Info: images/memoryMescaMPI.png used on input line 263.
(pdftex.def)             Requested size: 328.82706pt x 246.61679pt.

<images/MemoryMescaMPIlog.png, id=376, 578.16pt x 433.62pt>
File: images/MemoryMescaMPIlog.png Graphic file (type png)

<use images/MemoryMescaMPIlog.png>
Package pdftex.def Info: images/MemoryMescaMPIlog.png used on input line 269.
(pdftex.def)             Requested size: 328.82706pt x 246.61679pt.


LaTeX Warning: No positions in optional float specifier.
               Default added (so using `tbp') on input line 278.

<images/TimeThreads.png, id=377, 578.16pt x 433.62pt>
File: images/TimeThreads.png Graphic file (type png)

<use images/TimeThreads.png>
Package pdftex.def Info: images/TimeThreads.png used on input line 280.
(pdftex.def)             Requested size: 352.31624pt x 264.23654pt.

Underfull \hbox (badness 10000) in paragraph at lines 285--288

 []

[20] [21 <./images/fig_dsfdm/fig_cube_homogeneous_isotropic.pdf>] [22 <./images
/fig_dsfdm/fig_rec_snap_homogeneous_isotropic.pdf>] [23 <./images/fig_dsfdm/fig
_rec_log_homogeneous_isotropic.pdf>] [24 <./images/fig_dsfdm/fig1_log_homogeneo
us_isotropic.pdf>] [25 <./images/fig_dsfdm/fig2_log_homogeneous_isotropic.pdf>]
[26 <./images/TimeLU.png> <./images/TimeLU2.png> <./images/TimeMPIlog1.png>]
[27 <./images/TimeMescaLU.png> <./images/TimeMescaMPIlog.png>] [28 <./images/me
moryMPI.png> <./images/MemoryMPIlog.png>] [29 <./images/memoryMescaMPI.png> <./
images/MemoryMescaMPIlog.png>]

LaTeX Warning: No positions in optional float specifier.
               Default added (so using `tbp') on input line 289.

<images/SpeedupMesca.png, id=488, 578.16pt x 433.62pt>
File: images/SpeedupMesca.png Graphic file (type png)

<use images/SpeedupMesca.png>
Package pdftex.def Info: images/SpeedupMesca.png used on input line 291.
(pdftex.def)             Requested size: 352.31624pt x 264.23654pt.


LaTeX Warning: No positions in optional float specifier.
               Default added (so using `tbp') on input line 295.

<images/EffciencyMesca.png, id=489, 578.16pt x 433.62pt>
File: images/EffciencyMesca.png Graphic file (type png)

<use images/EffciencyMesca.png>
Package pdftex.def Info: images/EffciencyMesca.png used on input line 297.
(pdftex.def)             Requested size: 352.31624pt x 264.23654pt.

Underfull \hbox (badness 10000) in paragraph at lines 304--307

 []


LaTeX Warning: No positions in optional float specifier.
               Default added (so using `tbp') on input line 310.

<images/Mesca_Time.png, id=490, 722.7pt x 433.62pt>
File: images/Mesca_Time.png Graphic file (type png)

<use images/Mesca_Time.png>
Package pdftex.def Info: images/Mesca_Time.png used on input line 312.
(pdftex.def)             Requested size: 352.31624pt x 211.39055pt.


LaTeX Warning: No positions in optional float specifier.
               Default added (so using `tbp') on input line 316.

<images/Mesca_Memory.png, id=491, 722.7pt x 433.62pt>
File: images/Mesca_Memory.png Graphic file (type png)

<use images/Mesca_Memory.png>
Package pdftex.def Info: images/Mesca_Memory.png used on input line 318.
(pdftex.def)             Requested size: 352.31624pt x 211.39055pt.

Underfull \hbox (badness 10000) in paragraph at lines 322--325

 []


Overfull \hbox (219.39879pt too wide) in paragraph at lines 332--339
 [][] 
 []


Underfull \hbox (badness 10000) in paragraph at lines 343--346

 []


Underfull \hbox (badness 10000) in paragraph at lines 347--348

 []


LaTeX Warning: `!h' float specifier changed to `!ht'.


LaTeX Warning: `!h' float specifier changed to `!ht'.

) (chapter5.tex [30 <./images/TimeThreads.png>] [31 <./images/SpeedupMesca.png>
 <./images/EffciencyMesca.png>] [32 <./images/Mesca_Time.png> <./images/Mesca_M
emory.png>] [33]) (acknowledgement.tex [34

]) (Senegal-Essay-Template-en.bbl
[35

])
Package atveryend Info: Empty hook `BeforeClearDocument' on input line 256.
 [36

]
Package atveryend Info: Empty hook `AfterLastShipout' on input line 256.
 (Senegal-Essay-Template-en.aux)
Package atveryend Info: Executing hook `AtVeryEndDocument' on input line 256.
Package atveryend Info: Executing hook `AtEndAfterFileList' on input line 256.
Package rerunfilecheck Info: File `Senegal-Essay-Template-en.out' has not chang
ed.
(rerunfilecheck)             Checksum: 9E961801CE51CE0D4861B4F9A2588CDC;1494.


LaTeX Font Warning: Some font shapes were not available, defaults substituted.


LaTeX Warning: There were undefined references.


LaTeX Warning: There were multiply-defined labels.

Package atveryend Info: Empty hook `AtVeryVeryEnd' on input line 256.
 ) 
Here is how much of TeX's memory you used:
 8761 strings out of 493323
 131722 string characters out of 3139060
 336714 words of memory out of 3000000
 11942 multiletter control sequences out of 15000+200000
 18536 words of font info for 72 fonts, out of 3000000 for 9000
 1141 hyphenation exceptions out of 8191
 42i,11n,40p,1257b,540s stack positions out of 5000i,500n,10000p,200000b,50000s
<C:/Program Files/MiKTeX 2.9/fonts/type1/public/amsfonts/cm/cmbx10.pfb><C:/Pr
ogram Files/MiKTeX 2.9/fonts/type1/public/amsfonts/cm/cmex10.pfb><C:/Program Fi
les/MiKTeX 2.9/fonts/type1/public/amsfonts/cm/cmmi10.pfb><C:/Program Files/MiKT
eX 2.9/fonts/type1/public/amsfonts/cm/cmmi6.pfb><C:/Program Files/MiKTeX 2.9/fo
nts/type1/public/amsfonts/cm/cmmi8.pfb><C:/Program Files/MiKTeX 2.9/fonts/type1
/public/amsfonts/cm/cmr10.pfb><C:/Program Files/MiKTeX 2.9/fonts/type1/public/a
msfonts/cm/cmr6.pfb><C:/Program Files/MiKTeX 2.9/fonts/type1/public/amsfonts/cm
/cmr8.pfb><C:/Program Files/MiKTeX 2.9/fonts/type1/public/amsfonts/cm/cmss10.pf
b><C:/Program Files/MiKTeX 2.9/fonts/type1/public/amsfonts/cm/cmss12.pfb><C:/Pr
ogram Files/MiKTeX 2.9/fonts/type1/public/amsfonts/cm/cmss17.pfb><C:/Program Fi
les/MiKTeX 2.9/fonts/type1/public/amsfonts/cm/cmss8.pfb><C:/Program Files/MiKTe
X 2.9/fonts/type1/public/amsfonts/cm/cmss9.pfb><C:/Program Files/MiKTeX 2.9/fon
ts/type1/public/amsfonts/cm/cmssbx10.pfb><C:/Program Files/MiKTeX 2.9/fonts/typ
e1/public/amsfonts/cm/cmssi10.pfb><C:/Program Files/MiKTeX 2.9/fonts/type1/publ
ic/amsfonts/cm/cmssi8.pfb><C:/Program Files/MiKTeX 2.9/fonts/type1/public/amsfo
nts/cm/cmsy10.pfb><C:/Program Files/MiKTeX 2.9/fonts/type1/public/amsfonts/cm/c
msy6.pfb><C:/Program Files/MiKTeX 2.9/fonts/type1/public/amsfonts/cm/cmsy8.pfb>
<C:/Program Files/MiKTeX 2.9/fonts/type1/public/amsfonts/symbols/msbm10.pfb>
Output written on Senegal-Essay-Template-en.pdf (39 pages, 3181139 bytes).
PDF statistics:
 644 PDF objects out of 1000 (max. 8388607)
 145 named destinations out of 1000 (max. 500000)
 365 words of extra memory for PDF output out of 10000 (max. 10000000)

